[32m2024-06-06 07:55:54 - INFO: [31m[1mWARNING: This is a development server. Do not use it in a production deployment. Use a production WSGI server instead.[0m
 * Running on http://127.0.0.1:5000[0m
[32m2024-06-06 07:55:54 - INFO: [33mPress CTRL+C to quit[0m
[32m2024-06-06 07:55:54 - INFO:  * Restarting with stat[0m
[33m2024-06-06 07:55:55 - WARNING:  * Debugger is active![0m
[32m2024-06-06 07:55:55 - INFO:  * Debugger PIN: 737-012-241[0m
[32m2024-06-06 07:55:57 - INFO: 127.0.0.1 - - [06/Jun/2024 07:55:57] "GET / HTTP/1.1" 200 -[0m
[32m2024-06-06 07:55:59 - INFO: 127.0.0.1 - - [06/Jun/2024 07:55:59] "GET / HTTP/1.1" 200 -[0m
[32m2024-06-06 07:56:00 - INFO: Active users retrieved successfully - 1[0m
[32m2024-06-06 07:56:01 - INFO: Recent inserted successfully - Sommergewitter - for User: spotifyyanik[0m
[32m2024-06-06 07:56:01 - INFO: Recent inserted successfully - Fieber - for User: spotifyyanik[0m
[32m2024-06-06 07:56:01 - INFO: Recent inserted successfully - Go Flex - for User: spotifyyanik[0m
[32m2024-06-06 07:56:01 - INFO: Recent inserted successfully - SURVIE - for User: spotifyyanik[0m
[32m2024-06-06 07:56:01 - INFO: Track inserted successfully - HINTERM BLOCK[0m
[32m2024-06-06 07:56:01 - INFO: Recent inserted successfully - HINTERM BLOCK - for User: spotifyyanik[0m
[32m2024-06-06 07:56:01 - INFO: Recent inserted successfully - Go Flex - for User: spotifyyanik[0m
[32m2024-06-06 07:56:02 - INFO: Recent inserted successfully - Mittelmeer - for User: spotifyyanik[0m
[32m2024-06-06 07:56:02 - INFO: Recent already in database - Congratulations - for User: spotifyyanik[0m
[32m2024-06-06 07:56:02 - INFO: Recent already in database - Quevedo: Bzrp Music Sessions, Vol. 52 - for User: spotifyyanik[0m
[32m2024-06-06 07:56:02 - INFO: Recent already in database - Lieder - for User: spotifyyanik[0m
[32m2024-06-06 07:56:02 - INFO: Recent already in database - Cardio - for User: spotifyyanik[0m
[32m2024-06-06 07:56:02 - INFO: Recent already in database - Flasche Luft - for User: spotifyyanik[0m
[32m2024-06-06 07:56:02 - INFO: Recent already in database - OLYMPIA - for User: spotifyyanik[0m
[32m2024-06-06 07:56:02 - INFO: Recent already in database - Toto (feat. RAF Camora) - for User: spotifyyanik[0m
[32m2024-06-06 07:56:02 - INFO: Recent already in database - Spacecar - for User: spotifyyanik[0m
[32m2024-06-06 07:56:02 - INFO: Recent already in database - mietfrei - for User: spotifyyanik[0m
[32m2024-06-06 07:56:03 - INFO: Recent already in database - SURVIE - for User: spotifyyanik[0m
[32m2024-06-06 07:56:03 - INFO: Recent already in database - Mittelmeer - for User: spotifyyanik[0m
[32m2024-06-06 07:56:03 - INFO: Recent already in database - Que Si, Que No - Sunclub Radio Mix - for User: spotifyyanik[0m
[32m2024-06-06 07:56:03 - INFO: Recent already in database - Punto - for User: spotifyyanik[0m
[32m2024-06-06 07:56:03 - INFO: Recent already in database - Sin Ti - for User: spotifyyanik[0m
[32m2024-06-06 07:56:03 - INFO: Recent already in database - Sin Ti - for User: spotifyyanik[0m
[32m2024-06-06 07:56:03 - INFO: Recent already in database - Punto - for User: spotifyyanik[0m
[32m2024-06-06 07:56:03 - INFO: Recent already in database - T'abuses - for User: spotifyyanik[0m
[32m2024-06-06 07:56:03 - INFO: Recent already in database - Go Flex - for User: spotifyyanik[0m
[32m2024-06-06 07:56:03 - INFO: Recent already in database - Mittelmeer - for User: spotifyyanik[0m
[32m2024-06-06 07:56:04 - INFO: Recent already in database - Neymar - for User: spotifyyanik[0m
[32m2024-06-06 07:56:04 - INFO: Recent already in database - California Glow - for User: spotifyyanik[0m
[32m2024-06-06 07:56:04 - INFO: Recent already in database - RS5 - for User: spotifyyanik[0m
[32m2024-06-06 07:56:04 - INFO: Recent already in database - Doppel G - for User: spotifyyanik[0m
[32m2024-06-06 07:56:04 - INFO: Recent already in database - Frisch - for User: spotifyyanik[0m
[32m2024-06-06 07:56:04 - INFO: Recent already in database - Pleins phares - for User: spotifyyanik[0m
[32m2024-06-06 07:56:04 - INFO: Recent already in database - Drink Ist Kalt - for User: spotifyyanik[0m
[32m2024-06-06 07:56:04 - INFO: Recent already in database - Loin de moi - for User: spotifyyanik[0m
[32m2024-06-06 07:56:05 - INFO: Recent already in database - Ohne mein Team - for User: spotifyyanik[0m
[32m2024-06-06 07:56:05 - INFO: Recent already in database - Mac 11 - for User: spotifyyanik[0m
[32m2024-06-06 07:56:05 - INFO: Recent already in database - Party Sahne - for User: spotifyyanik[0m
[32m2024-06-06 07:56:05 - INFO: Recent already in database - Bétoile - for User: spotifyyanik[0m
[32m2024-06-06 07:56:05 - INFO: Active users retrieved successfully - 1[0m
[32m2024-06-06 07:56:05 - INFO: 127.0.0.1 - - [06/Jun/2024 07:56:05] "GET /api/update/artists HTTP/1.1" 200 -[0m
[32m2024-06-06 07:56:05 - INFO: Recent already in database - Quevedo: Bzrp Music Sessions, Vol. 52 - for User: spotifyyanik[0m
[32m2024-06-06 07:56:05 - INFO: Recent already in database - Au Revoir (feat. Sido) - for User: spotifyyanik[0m
[32m2024-06-06 07:56:05 - INFO: Recent already in database - Cabeza - for User: spotifyyanik[0m
[32m2024-06-06 07:56:06 - INFO: Recent already in database - Congratulations - for User: spotifyyanik[0m
[32m2024-06-06 07:56:06 - INFO: Recent already in database - Mac 11 - for User: spotifyyanik[0m
[32m2024-06-06 07:56:06 - INFO: Recent already in database - Que Si, Que No - Sunclub Radio Mix - for User: spotifyyanik[0m
[32m2024-06-06 07:56:06 - INFO: Recent already in database - Punto - for User: spotifyyanik[0m
[32m2024-06-06 07:56:06 - INFO: Recent already in database - petit frère - for User: spotifyyanik[0m
[32m2024-06-06 07:56:06 - INFO: Recent already in database - Punto - for User: spotifyyanik[0m
[32m2024-06-06 07:56:06 - INFO: Recent already in database - Patient - for User: spotifyyanik[0m
[32m2024-06-06 07:56:07 - INFO: Recent already in database - Mittelmeer - for User: spotifyyanik[0m
[32m2024-06-06 07:56:07 - INFO: Recent already in database - Gata Only - for User: spotifyyanik[0m
[32m2024-06-06 07:56:07 - INFO: 127.0.0.1 - - [06/Jun/2024 07:56:07] "GET /api/save HTTP/1.1" 200 -[0m
[32m2024-06-06 07:56:40 - INFO:  * Detected change in '/Users/yanik/PycharmProjects/spotify_manager_flask/SpotifyFlaskApp/app/routes/api.py', reloading[0m
[32m2024-06-06 07:56:40 - INFO:  * Restarting with stat[0m
[33m2024-06-06 07:56:41 - WARNING:  * Debugger is active![0m
[32m2024-06-06 07:56:41 - INFO:  * Debugger PIN: 737-012-241[0m
[32m2024-06-06 07:56:41 - INFO: Active users retrieved successfully - 1[0m
[32m2024-06-06 07:56:41 - INFO: 127.0.0.1 - - [06/Jun/2024 07:56:41] "GET /api/update/artists HTTP/1.1" 200 -[0m
[32m2024-06-06 07:56:48 - INFO: [31m[1mWARNING: This is a development server. Do not use it in a production deployment. Use a production WSGI server instead.[0m
 * Running on http://127.0.0.1:5000[0m
[32m2024-06-06 07:56:48 - INFO: [33mPress CTRL+C to quit[0m
[32m2024-06-06 07:56:48 - INFO:  * Restarting with stat[0m
[33m2024-06-06 07:56:49 - WARNING:  * Debugger is active![0m
[32m2024-06-06 07:56:49 - INFO:  * Debugger PIN: 737-012-241[0m
[32m2024-06-06 07:56:53 - INFO: Active users retrieved successfully - 1[0m
[32m2024-06-06 07:56:53 - INFO: 127.0.0.1 - - [06/Jun/2024 07:56:53] "GET /api/update/artists HTTP/1.1" 200 -[0m
[32m2024-06-06 07:57:05 - INFO:  * Detected change in '/Users/yanik/PycharmProjects/spotify_manager_flask/SpotifyFlaskApp/app/routes/api.py', reloading[0m
[32m2024-06-06 07:57:05 - INFO:  * Restarting with stat[0m
[33m2024-06-06 07:57:05 - WARNING:  * Debugger is active![0m
[32m2024-06-06 07:57:05 - INFO:  * Debugger PIN: 737-012-241[0m
[32m2024-06-06 07:57:07 - INFO: Active users retrieved successfully - 1[0m
[32m2024-06-06 07:57:07 - INFO: 127.0.0.1 - - [06/Jun/2024 07:57:07] "GET /api/update/artists HTTP/1.1" 200 -[0m
[32m2024-06-06 07:58:54 - INFO:  * Detected change in '/Users/yanik/PycharmProjects/spotify_manager_flask/SpotifyFlaskApp/app/routes/api.py', reloading[0m
[32m2024-06-06 07:58:54 - INFO:  * Restarting with stat[0m
[33m2024-06-06 07:58:55 - WARNING:  * Debugger is active![0m
[32m2024-06-06 07:58:55 - INFO:  * Debugger PIN: 737-012-241[0m
[32m2024-06-06 07:59:01 - INFO: Active users retrieved successfully - 1[0m
[32m2024-06-06 07:59:01 - INFO: Incomplete artists retrieved successfully - 1[0m
[32m2024-06-06 07:59:01 - INFO: 127.0.0.1 - - [06/Jun/2024 07:59:01] "GET /api/update/artists HTTP/1.1" 200 -[0m
[32m2024-06-06 07:59:23 - INFO:  * Detected change in '/Users/yanik/PycharmProjects/spotify_manager_flask/SpotifyFlaskApp/app/services/db_service.py', reloading[0m
[32m2024-06-06 07:59:23 - INFO:  * Restarting with stat[0m
[33m2024-06-06 07:59:23 - WARNING:  * Debugger is active![0m
[32m2024-06-06 07:59:23 - INFO:  * Debugger PIN: 737-012-241[0m
[32m2024-06-06 07:59:27 - INFO: Active users retrieved successfully - 1[0m
[32m2024-06-06 07:59:27 - INFO: Incomplete artists retrieved successfully - 22872[0m
[32m2024-06-06 07:59:27 - INFO: 127.0.0.1 - - [06/Jun/2024 07:59:27] "GET /api/update/artists HTTP/1.1" 200 -[0m
[32m2024-06-06 07:59:42 - INFO:  * Detected change in '/Users/yanik/PycharmProjects/spotify_manager_flask/SpotifyFlaskApp/app/services/db_service.py', reloading[0m
[32m2024-06-06 07:59:42 - INFO:  * Restarting with stat[0m
[33m2024-06-06 07:59:42 - WARNING:  * Debugger is active![0m
[32m2024-06-06 07:59:42 - INFO:  * Debugger PIN: 737-012-241[0m
[32m2024-06-06 08:01:42 - INFO:  * Detected change in '/Users/yanik/PycharmProjects/spotify_manager_flask/SpotifyFlaskApp/app/routes/api.py', reloading[0m
[32m2024-06-06 08:01:42 - INFO:  * Restarting with stat[0m
[33m2024-06-06 08:01:42 - WARNING:  * Debugger is active![0m
[32m2024-06-06 08:01:42 - INFO:  * Debugger PIN: 737-012-241[0m
[32m2024-06-06 08:02:03 - INFO:  * Detected change in '/Users/yanik/PycharmProjects/spotify_manager_flask/SpotifyFlaskApp/app/routes/api.py', reloading[0m
[32m2024-06-06 08:02:03 - INFO:  * Restarting with stat[0m
[33m2024-06-06 08:02:04 - WARNING:  * Debugger is active![0m
[32m2024-06-06 08:02:04 - INFO:  * Debugger PIN: 737-012-241[0m
[32m2024-06-06 08:02:12 - INFO:  * Detected change in '/Users/yanik/PycharmProjects/spotify_manager_flask/SpotifyFlaskApp/app/routes/api.py', reloading[0m
[32m2024-06-06 08:02:12 - INFO:  * Restarting with stat[0m
[33m2024-06-06 08:02:12 - WARNING:  * Debugger is active![0m
[32m2024-06-06 08:02:12 - INFO:  * Debugger PIN: 737-012-241[0m
[32m2024-06-06 08:02:16 - INFO: Active users retrieved successfully - 1[0m
[32m2024-06-06 08:02:16 - INFO: Incomplete artists retrieved successfully - 1[0m
[32m2024-06-06 08:02:16 - INFO: 127.0.0.1 - - [06/Jun/2024 08:02:16] "[35m[1mGET /api/update/artists HTTP/1.1[0m" 500 -[0m
[32m2024-06-06 08:02:16 - INFO: 127.0.0.1 - - [06/Jun/2024 08:02:16] "GET /api/update/artists?__debugger__=yes&cmd=resource&f=style.css HTTP/1.1" 200 -[0m
[32m2024-06-06 08:02:16 - INFO: 127.0.0.1 - - [06/Jun/2024 08:02:16] "GET /api/update/artists?__debugger__=yes&cmd=resource&f=debugger.js HTTP/1.1" 200 -[0m
[32m2024-06-06 08:02:16 - INFO: 127.0.0.1 - - [06/Jun/2024 08:02:16] "GET /api/update/artists?__debugger__=yes&cmd=resource&f=console.png HTTP/1.1" 200 -[0m
[32m2024-06-06 08:02:16 - INFO: 127.0.0.1 - - [06/Jun/2024 08:02:16] "[36mGET /api/update/artists?__debugger__=yes&cmd=resource&f=console.png HTTP/1.1[0m" 304 -[0m
[32m2024-06-06 08:02:33 - INFO:  * Detected change in '/Users/yanik/PycharmProjects/spotify_manager_flask/SpotifyFlaskApp/app/routes/api.py', reloading[0m
[32m2024-06-06 08:02:33 - INFO:  * Restarting with stat[0m
[33m2024-06-06 08:02:34 - WARNING:  * Debugger is active![0m
[32m2024-06-06 08:02:34 - INFO:  * Debugger PIN: 737-012-241[0m
[32m2024-06-06 08:02:36 - INFO: Active users retrieved successfully - 1[0m
[32m2024-06-06 08:02:36 - INFO: Incomplete artists retrieved successfully - 1[0m
[32m2024-06-06 08:02:36 - INFO: 127.0.0.1 - - [06/Jun/2024 08:02:36] "GET /api/update/artists HTTP/1.1" 200 -[0m
[32m2024-06-06 08:04:26 - INFO:  * Detected change in '/Users/yanik/PycharmProjects/spotify_manager_flask/SpotifyFlaskApp/app/routes/api.py', reloading[0m
[32m2024-06-06 08:04:26 - INFO:  * Restarting with stat[0m
[33m2024-06-06 08:04:26 - WARNING:  * Debugger is active![0m
[32m2024-06-06 08:04:26 - INFO:  * Debugger PIN: 737-012-241[0m
[32m2024-06-06 08:05:38 - INFO: Active users retrieved successfully - 1[0m
[32m2024-06-06 08:05:39 - INFO: Incomplete artists retrieved successfully - 1[0m
[32m2024-06-06 08:05:39 - INFO: Artist updated successfully - 7oKJmnPaABXLPkw3gT7rIa[0m
[32m2024-06-06 08:05:39 - INFO: 127.0.0.1 - - [06/Jun/2024 08:05:39] "GET /api/update/artists HTTP/1.1" 200 -[0m
[32m2024-06-06 08:09:34 - INFO:  * Detected change in '/Users/yanik/PycharmProjects/spotify_manager_flask/SpotifyFlaskApp/app/services/db_service.py', reloading[0m
[32m2024-06-06 08:09:34 - INFO:  * Restarting with stat[0m
[33m2024-06-06 08:09:34 - WARNING:  * Debugger is active![0m
[32m2024-06-06 08:09:34 - INFO:  * Debugger PIN: 737-012-241[0m
[32m2024-06-06 08:09:52 - INFO: Active users retrieved successfully - 1[0m
[32m2024-06-06 08:09:52 - INFO: Incomplete artists retrieved successfully - 0[0m
[32m2024-06-06 08:09:52 - INFO: 127.0.0.1 - - [06/Jun/2024 08:09:52] "[35m[1mGET /api/update/artists HTTP/1.1[0m" 500 -[0m
[32m2024-06-06 08:09:52 - INFO: Active users retrieved successfully - 1[0m
[32m2024-06-06 08:12:09 - INFO: [31m[1mWARNING: This is a development server. Do not use it in a production deployment. Use a production WSGI server instead.[0m
 * Running on http://127.0.0.1:5000[0m
[32m2024-06-06 08:12:09 - INFO: [33mPress CTRL+C to quit[0m
[32m2024-06-06 08:12:09 - INFO:  * Restarting with stat[0m
[33m2024-06-06 08:12:09 - WARNING:  * Debugger is active![0m
[32m2024-06-06 08:12:09 - INFO:  * Debugger PIN: 737-012-241[0m
[32m2024-06-06 08:12:13 - INFO: Active users retrieved successfully - 1[0m
[32m2024-06-06 08:12:13 - INFO: 127.0.0.1 - - [06/Jun/2024 08:12:13] "[35m[1mGET /api/update/tracks HTTP/1.1[0m" 500 -[0m
[32m2024-06-06 08:15:11 - INFO:  * Detected change in '/Users/yanik/PycharmProjects/spotify_manager_flask/SpotifyFlaskApp/app/services/db_service.py', reloading[0m
[32m2024-06-06 08:15:11 - INFO:  * Restarting with stat[0m
[33m2024-06-06 08:15:12 - WARNING:  * Debugger is active![0m
[32m2024-06-06 08:15:12 - INFO:  * Debugger PIN: 737-012-241[0m
[32m2024-06-06 08:15:14 - INFO: Active users retrieved successfully - 1[0m
[32m2024-06-06 08:15:14 - INFO: Incomplete tracks retrieved successfully - 1000[0m
[32m2024-06-06 08:15:14 - INFO: 127.0.0.1 - - [06/Jun/2024 08:15:14] "GET /api/update/tracks HTTP/1.1" 200 -[0m
