[32m2024-06-05 12:56:04 - INFO: Active users retrieved successfully - 1[0m
[32m2024-06-05 12:56:04 - INFO: Recent already in database - Au Revoir (feat. Sido) - for User: spotifyyanik[0m
[32m2024-06-05 12:56:04 - INFO: Recent already in database - Cabeza - for User: spotifyyanik[0m
[32m2024-06-05 12:56:04 - INFO: Recent already in database - Congratulations - for User: spotifyyanik[0m
[32m2024-06-05 12:56:04 - INFO: Recent already in database - Mac 11 - for User: spotifyyanik[0m
[32m2024-06-05 12:56:05 - INFO: Recent already in database - Que Si, Que No - Sunclub Radio Mix - for User: spotifyyanik[0m
[32m2024-06-05 12:56:05 - INFO: Recent already in database - Punto - for User: spotifyyanik[0m
[32m2024-06-05 12:56:05 - INFO: Recent already in database - petit frère - for User: spotifyyanik[0m
[32m2024-06-05 12:56:05 - INFO: Recent already in database - Punto - for User: spotifyyanik[0m
[32m2024-06-05 12:56:05 - INFO: Recent already in database - Patient - for User: spotifyyanik[0m
[32m2024-06-05 12:56:05 - INFO: Recent already in database - Mittelmeer - for User: spotifyyanik[0m
[32m2024-06-05 12:56:05 - INFO: Recent already in database - Gata Only - for User: spotifyyanik[0m
[32m2024-06-05 12:56:05 - INFO: Recent already in database - Mittelmeer - for User: spotifyyanik[0m
[32m2024-06-05 12:56:05 - INFO: Recent already in database - Que Si, Que No - Sunclub Radio Mix - for User: spotifyyanik[0m
[32m2024-06-05 12:56:05 - INFO: Recent already in database - Verschwendete Zeit - for User: spotifyyanik[0m
[32m2024-06-05 12:56:06 - INFO: Recent already in database - Sommergewitter - for User: spotifyyanik[0m
[32m2024-06-05 12:56:06 - INFO: Recent already in database - Fieber - for User: spotifyyanik[0m
[32m2024-06-05 12:56:06 - INFO: Recent already in database - Mittelmeer - for User: spotifyyanik[0m
[32m2024-06-05 12:56:06 - INFO: Recent already in database - Punto - for User: spotifyyanik[0m
[32m2024-06-05 12:56:06 - INFO: Recent already in database - Go Flex - for User: spotifyyanik[0m
[32m2024-06-05 12:56:06 - INFO: Recent already in database - Go Flex - for User: spotifyyanik[0m
[32m2024-06-05 12:56:06 - INFO: Recent already in database - Fieber - for User: spotifyyanik[0m
[32m2024-06-05 12:56:06 - INFO: Recent already in database - Millionär - for User: spotifyyanik[0m
[32m2024-06-05 12:56:06 - INFO: Recent already in database - BLUEBERRY YUM YUM - for User: spotifyyanik[0m
[32m2024-06-05 12:56:07 - INFO: Recent already in database - Verschwendete Zeit - for User: spotifyyanik[0m
[32m2024-06-05 12:56:07 - INFO: Recent already in database - wie du manchmal fehlst - for User: spotifyyanik[0m
[32m2024-06-05 12:56:07 - INFO: Recent already in database - Mittelmeer - for User: spotifyyanik[0m
[32m2024-06-05 12:56:07 - INFO: Recent already in database - Sommergewitter - for User: spotifyyanik[0m
[32m2024-06-05 12:56:07 - INFO: Recent already in database - Go Flex - for User: spotifyyanik[0m
[32m2024-06-05 12:56:07 - INFO: Recent already in database - Punto - for User: spotifyyanik[0m
[32m2024-06-05 12:56:07 - INFO: Recent already in database - Go Flex - for User: spotifyyanik[0m
[32m2024-06-05 12:56:07 - INFO: Recent already in database - Mittelmeer - for User: spotifyyanik[0m
[32m2024-06-05 12:56:07 - INFO: Recent already in database - Tempo - for User: spotifyyanik[0m
[32m2024-06-05 12:56:07 - INFO: Recent already in database - Quevedo: Bzrp Music Sessions, Vol. 52 - for User: spotifyyanik[0m
[32m2024-06-05 12:56:08 - INFO: Recent already in database - Onizuka - for User: spotifyyanik[0m
[32m2024-06-05 12:56:08 - INFO: Recent already in database - Fieber - for User: spotifyyanik[0m
[32m2024-06-05 12:56:08 - INFO: Recent already in database - Go Flex - for User: spotifyyanik[0m
[32m2024-06-05 12:56:08 - INFO: Recent already in database - Punto - for User: spotifyyanik[0m
[32m2024-06-05 12:56:08 - INFO: Recent already in database - Mittelmeer - for User: spotifyyanik[0m
[32m2024-06-05 12:56:08 - INFO: Recent already in database - Whip - for User: spotifyyanik[0m
[32m2024-06-05 12:56:08 - INFO: Recent already in database - SURVIE - for User: spotifyyanik[0m
[32m2024-06-05 12:56:08 - INFO: Recent already in database - Punto - for User: spotifyyanik[0m
[32m2024-06-05 12:56:08 - INFO: Recent already in database - Mélanine - for User: spotifyyanik[0m
[32m2024-06-05 12:56:08 - INFO: Recent already in database - Punto - for User: spotifyyanik[0m
[32m2024-06-05 12:56:09 - INFO: Recent already in database - Atrevida - for User: spotifyyanik[0m
[32m2024-06-05 12:56:09 - INFO: Recent already in database - Mittelmeer - for User: spotifyyanik[0m
[32m2024-06-05 12:56:09 - INFO: Recent already in database - Verschwendete Zeit - for User: spotifyyanik[0m
[32m2024-06-05 12:56:09 - INFO: Recent already in database - Mittelmeer - for User: spotifyyanik[0m
[32m2024-06-05 12:56:09 - INFO: Recent already in database - Shallow - for User: spotifyyanik[0m
[32m2024-06-05 12:56:09 - INFO: Recent already in database - Mwaka Moon - Remix - for User: spotifyyanik[0m
[32m2024-06-05 12:56:09 - INFO: Recent already in database - La danse du roro - for User: spotifyyanik[0m
[32m2024-06-05 12:56:14 - INFO: Active users retrieved successfully - 1[0m
[32m2024-06-05 12:56:15 - INFO: Recent already in database - Au Revoir (feat. Sido) - for User: spotifyyanik[0m
[32m2024-06-05 12:56:15 - INFO: Recent already in database - Cabeza - for User: spotifyyanik[0m
[32m2024-06-05 12:56:15 - INFO: Recent already in database - Congratulations - for User: spotifyyanik[0m
[32m2024-06-05 12:56:15 - INFO: Recent already in database - Mac 11 - for User: spotifyyanik[0m
[32m2024-06-05 12:56:15 - INFO: Recent already in database - Que Si, Que No - Sunclub Radio Mix - for User: spotifyyanik[0m
[32m2024-06-05 12:56:15 - INFO: Recent already in database - Punto - for User: spotifyyanik[0m
[32m2024-06-05 12:56:15 - INFO: Active users retrieved successfully - 1[0m
[32m2024-06-05 12:56:15 - INFO: Recent already in database - petit frère - for User: spotifyyanik[0m
[32m2024-06-05 12:56:16 - INFO: Recent already in database - Punto - for User: spotifyyanik[0m
[32m2024-06-05 12:56:16 - INFO: Songs retrieved successfully - 478[0m
[32m2024-06-05 12:56:16 - INFO: Recent already in database - Patient - for User: spotifyyanik[0m
[32m2024-06-05 12:56:16 - INFO: Recent already in database - Mittelmeer - for User: spotifyyanik[0m
[32m2024-06-05 12:56:16 - INFO: Recent already in database - Gata Only - for User: spotifyyanik[0m
[32m2024-06-05 12:56:16 - INFO: Playlist found: TOPMIX 14 Days[0m
[32m2024-06-05 12:56:16 - INFO: Recent already in database - Mittelmeer - for User: spotifyyanik[0m
[32m2024-06-05 12:56:16 - INFO: Recent already in database - Que Si, Que No - Sunclub Radio Mix - for User: spotifyyanik[0m
[32m2024-06-05 12:56:16 - INFO: Recent already in database - Verschwendete Zeit - for User: spotifyyanik[0m
[32m2024-06-05 12:56:16 - INFO: Recent already in database - Sommergewitter - for User: spotifyyanik[0m
[32m2024-06-05 12:56:16 - INFO: Recent already in database - Fieber - for User: spotifyyanik[0m
[32m2024-06-05 12:56:17 - INFO: Recent already in database - Mittelmeer - for User: spotifyyanik[0m
[32m2024-06-05 12:56:17 - INFO: Recent already in database - Punto - for User: spotifyyanik[0m
[32m2024-06-05 12:56:17 - INFO: Recent already in database - Go Flex - for User: spotifyyanik[0m
[32m2024-06-05 12:56:17 - INFO: Recent already in database - Go Flex - for User: spotifyyanik[0m
[32m2024-06-05 12:56:17 - INFO: Recent already in database - Fieber - for User: spotifyyanik[0m
[32m2024-06-05 12:56:17 - INFO: Recent already in database - Millionär - for User: spotifyyanik[0m
[32m2024-06-05 12:56:17 - INFO: Recent already in database - BLUEBERRY YUM YUM - for User: spotifyyanik[0m
[32m2024-06-05 12:56:17 - INFO: Recent already in database - Verschwendete Zeit - for User: spotifyyanik[0m
[32m2024-06-05 12:56:17 - INFO: Recent already in database - wie du manchmal fehlst - for User: spotifyyanik[0m
[32m2024-06-05 12:56:18 - INFO: Recent already in database - Mittelmeer - for User: spotifyyanik[0m
[32m2024-06-05 12:56:18 - INFO: Recent already in database - Sommergewitter - for User: spotifyyanik[0m
[32m2024-06-05 12:56:18 - INFO: Recent already in database - Go Flex - for User: spotifyyanik[0m
[32m2024-06-05 12:56:18 - INFO: Recent already in database - Punto - for User: spotifyyanik[0m
[32m2024-06-05 12:56:18 - INFO: Recent already in database - Go Flex - for User: spotifyyanik[0m
[32m2024-06-05 12:56:18 - INFO: Recent already in database - Mittelmeer - for User: spotifyyanik[0m
[32m2024-06-05 12:56:18 - INFO: Recent already in database - Tempo - for User: spotifyyanik[0m
[32m2024-06-05 12:56:18 - INFO: Recent already in database - Quevedo: Bzrp Music Sessions, Vol. 52 - for User: spotifyyanik[0m
[32m2024-06-05 12:56:18 - INFO: Recent already in database - Onizuka - for User: spotifyyanik[0m
[32m2024-06-05 12:56:19 - INFO: Recent already in database - Fieber - for User: spotifyyanik[0m
[32m2024-06-05 12:56:19 - INFO: Recent already in database - Go Flex - for User: spotifyyanik[0m
[32m2024-06-05 12:56:19 - INFO: Recent already in database - Punto - for User: spotifyyanik[0m
[32m2024-06-05 12:56:19 - INFO: Recent already in database - Mittelmeer - for User: spotifyyanik[0m
[32m2024-06-05 12:56:19 - INFO: Recent already in database - Whip - for User: spotifyyanik[0m
[32m2024-06-05 12:56:19 - INFO: Recent already in database - SURVIE - for User: spotifyyanik[0m
[32m2024-06-05 12:56:19 - INFO: Recent already in database - Punto - for User: spotifyyanik[0m
[32m2024-06-05 12:56:19 - INFO: Recent already in database - Mélanine - for User: spotifyyanik[0m
[32m2024-06-05 12:56:19 - INFO: Recent already in database - Punto - for User: spotifyyanik[0m
[32m2024-06-05 12:56:20 - INFO: Recent already in database - Atrevida - for User: spotifyyanik[0m
[32m2024-06-05 12:56:20 - INFO: Recent already in database - Mittelmeer - for User: spotifyyanik[0m
[32m2024-06-05 12:56:20 - INFO: Recent already in database - Verschwendete Zeit - for User: spotifyyanik[0m
[32m2024-06-05 12:56:20 - INFO: Recent already in database - Mittelmeer - for User: spotifyyanik[0m
[32m2024-06-05 12:56:20 - INFO: Recent already in database - Shallow - for User: spotifyyanik[0m
[32m2024-06-05 12:56:20 - INFO: Recent already in database - Mwaka Moon - Remix - for User: spotifyyanik[0m
[32m2024-06-05 12:56:20 - INFO: Recent already in database - La danse du roro - for User: spotifyyanik[0m
[32m2024-06-05 16:49:53 - INFO: Active users retrieved successfully - 1[0m
[32m2024-06-05 16:49:54 - INFO: Recent inserted successfully - Spacecar - for User: spotifyyanik[0m
[32m2024-06-05 16:49:54 - INFO: Recent inserted successfully - mietfrei - for User: spotifyyanik[0m
[32m2024-06-05 16:49:54 - INFO: Recent inserted successfully - SURVIE - for User: spotifyyanik[0m
[32m2024-06-05 16:49:54 - INFO: Recent inserted successfully - Mittelmeer - for User: spotifyyanik[0m
[32m2024-06-05 16:49:55 - INFO: Recent inserted successfully - Que Si, Que No - Sunclub Radio Mix - for User: spotifyyanik[0m
[32m2024-06-05 16:49:55 - INFO: Recent inserted successfully - Punto - for User: spotifyyanik[0m
[32m2024-06-05 16:49:55 - INFO: Recent already in database - Sin Ti - for User: spotifyyanik[0m
[32m2024-06-05 16:49:55 - INFO: Recent already in database - Sin Ti - for User: spotifyyanik[0m
[32m2024-06-05 16:49:55 - INFO: Recent already in database - Punto - for User: spotifyyanik[0m
[32m2024-06-05 16:49:55 - INFO: Recent already in database - T'abuses - for User: spotifyyanik[0m
[32m2024-06-05 16:49:55 - INFO: Recent already in database - Go Flex - for User: spotifyyanik[0m
[32m2024-06-05 16:49:55 - INFO: Recent already in database - Mittelmeer - for User: spotifyyanik[0m
[32m2024-06-05 16:49:55 - INFO: Recent already in database - Neymar - for User: spotifyyanik[0m
[32m2024-06-05 16:49:55 - INFO: Recent already in database - California Glow - for User: spotifyyanik[0m
[32m2024-06-05 16:49:56 - INFO: Recent already in database - RS5 - for User: spotifyyanik[0m
[32m2024-06-05 16:49:56 - INFO: Recent already in database - Doppel G - for User: spotifyyanik[0m
[32m2024-06-05 16:49:56 - INFO: Recent already in database - Frisch - for User: spotifyyanik[0m
[32m2024-06-05 16:49:56 - INFO: Recent already in database - Pleins phares - for User: spotifyyanik[0m
[32m2024-06-05 16:49:56 - INFO: Recent already in database - Drink Ist Kalt - for User: spotifyyanik[0m
[32m2024-06-05 16:49:56 - INFO: Recent already in database - Loin de moi - for User: spotifyyanik[0m
[32m2024-06-05 16:49:56 - INFO: Recent already in database - Ohne mein Team - for User: spotifyyanik[0m
[32m2024-06-05 16:49:56 - INFO: Recent already in database - Mac 11 - for User: spotifyyanik[0m
[32m2024-06-05 16:49:56 - INFO: Recent already in database - Party Sahne - for User: spotifyyanik[0m
[32m2024-06-05 16:49:57 - INFO: Recent already in database - Bétoile - for User: spotifyyanik[0m
[32m2024-06-05 16:49:57 - INFO: Recent already in database - Quevedo: Bzrp Music Sessions, Vol. 52 - for User: spotifyyanik[0m
[32m2024-06-05 16:49:57 - INFO: Recent already in database - Au Revoir (feat. Sido) - for User: spotifyyanik[0m
[32m2024-06-05 16:49:57 - INFO: Recent already in database - Cabeza - for User: spotifyyanik[0m
[32m2024-06-05 16:49:57 - INFO: Recent already in database - Congratulations - for User: spotifyyanik[0m
[32m2024-06-05 16:49:57 - INFO: Recent already in database - Mac 11 - for User: spotifyyanik[0m
[32m2024-06-05 16:49:57 - INFO: Recent already in database - Que Si, Que No - Sunclub Radio Mix - for User: spotifyyanik[0m
[32m2024-06-05 16:49:57 - INFO: Recent already in database - Punto - for User: spotifyyanik[0m
[32m2024-06-05 16:49:57 - INFO: Recent already in database - petit frère - for User: spotifyyanik[0m
[32m2024-06-05 16:49:58 - INFO: Recent already in database - Punto - for User: spotifyyanik[0m
[32m2024-06-05 16:49:58 - INFO: Recent already in database - Patient - for User: spotifyyanik[0m
[32m2024-06-05 16:49:58 - INFO: Recent already in database - Mittelmeer - for User: spotifyyanik[0m
[32m2024-06-05 16:49:58 - INFO: Recent already in database - Gata Only - for User: spotifyyanik[0m
[32m2024-06-05 16:49:58 - INFO: Recent already in database - Mittelmeer - for User: spotifyyanik[0m
[32m2024-06-05 16:49:58 - INFO: Recent already in database - Que Si, Que No - Sunclub Radio Mix - for User: spotifyyanik[0m
[32m2024-06-05 16:49:58 - INFO: Recent already in database - Verschwendete Zeit - for User: spotifyyanik[0m
[32m2024-06-05 16:49:58 - INFO: Recent already in database - Sommergewitter - for User: spotifyyanik[0m
[32m2024-06-05 16:49:59 - INFO: Recent already in database - Fieber - for User: spotifyyanik[0m
[32m2024-06-05 16:49:59 - INFO: Recent already in database - Mittelmeer - for User: spotifyyanik[0m
[32m2024-06-05 16:49:59 - INFO: Recent already in database - Punto - for User: spotifyyanik[0m
[32m2024-06-05 16:49:59 - INFO: Recent already in database - Go Flex - for User: spotifyyanik[0m
[32m2024-06-05 16:49:59 - INFO: Recent already in database - Go Flex - for User: spotifyyanik[0m
[32m2024-06-05 16:49:59 - INFO: Recent already in database - Fieber - for User: spotifyyanik[0m
[32m2024-06-05 16:49:59 - INFO: Recent already in database - Millionär - for User: spotifyyanik[0m
[32m2024-06-05 16:49:59 - INFO: Recent already in database - BLUEBERRY YUM YUM - for User: spotifyyanik[0m
[32m2024-06-05 16:49:59 - INFO: Recent already in database - Verschwendete Zeit - for User: spotifyyanik[0m
[32m2024-06-05 16:50:00 - INFO: Recent already in database - wie du manchmal fehlst - for User: spotifyyanik[0m
